> Task :compileJava UP-TO-DATE
> Task :processResources UP-TO-DATE
> Task :classes UP-TO-DATE
> Task :resolveMainClassName

> Task :bootRun

  .   ____          _            __ _ _
 /\\ / ___'_ __ _ _(_)_ __  __ _ \ \ \ \
( ( )\___ | '_ | '_| | '_ \/ _` | \ \ \ \
 \\/  ___)| |_)| | | | | || (_| |  ) ) ) )
  '  |____| .__|_| |_|_| |_\__, | / / / /
 =========|_|==============|___/=/_/_/_/

 :: Spring Boot ::                (v4.0.6)

2026-06-01T14:59:27.739+07:00  INFO 30896 --- [session15bai2] [  restartedMain] c.e.s.Session15bai2Application           : Starting Session15bai2Application using Java 17.0.18 with PID 30896 (E:\JavaWebService\session15bai2\build\classes\java\main started by Quyet in E:\JavaWebService\session15bai2)
2026-06-01T14:59:27.741+07:00  INFO 30896 --- [session15bai2] [  restartedMain] c.e.s.Session15bai2Application           : No active profile set, falling back to 1 default profile: "default"
2026-06-01T14:59:27.781+07:00  INFO 30896 --- [session15bai2] [  restartedMain] .e.DevToolsPropertyDefaultsPostProcessor : Devtools property defaults active! Set 'spring.devtools.add-properties' to 'false' to disable
2026-06-01T14:59:27.781+07:00  INFO 30896 --- [session15bai2] [  restartedMain] .e.DevToolsPropertyDefaultsPostProcessor : For additional web related logging consider setting the 'logging.level.web' property to 'DEBUG'
2026-06-01T14:59:28.206+07:00  INFO 30896 --- [session15bai2] [  restartedMain] .s.d.r.c.RepositoryConfigurationDelegate : Bootstrapping Spring Data JPA repositories in DEFAULT mode.
2026-06-01T14:59:28.223+07:00  INFO 30896 --- [session15bai2] [  restartedMain] .s.d.r.c.RepositoryConfigurationDelegate : Finished Spring Data repository scanning in 9 ms. Found 0 JPA repository interfaces.
2026-06-01T14:59:28.775+07:00  INFO 30896 --- [session15bai2] [  restartedMain] o.s.boot.tomcat.TomcatWebServer          : Tomcat initialized with port 0 (http)
2026-06-01T14:59:28.787+07:00  INFO 30896 --- [session15bai2] [  restartedMain] o.apache.catalina.core.StandardService   : Starting service [Tomcat]
2026-06-01T14:59:28.787+07:00  INFO 30896 --- [session15bai2] [  restartedMain] o.apache.catalina.core.StandardEngine    : Starting Servlet engine: [Apache Tomcat/11.0.21]
2026-06-01T14:59:28.823+07:00  INFO 30896 --- [session15bai2] [  restartedMain] b.w.c.s.WebApplicationContextInitializer : Root WebApplicationContext: initialization completed in 1041 ms
2026-06-01T14:59:28.956+07:00  INFO 30896 --- [session15bai2] [  restartedMain] org.hibernate.orm.jpa                    : HHH008540: Processing PersistenceUnitInfo [name: default]
2026-06-01T14:59:29.014+07:00  INFO 30896 --- [session15bai2] [  restartedMain] org.hibernate.orm.core                   : HHH000001: Hibernate ORM core version 7.2.12.Final
2026-06-01T14:59:29.369+07:00  INFO 30896 --- [session15bai2] [  restartedMain] o.s.o.j.p.SpringPersistenceUnitInfo      : No LoadTimeWeaver setup: ignoring JPA class transformer
2026-06-01T14:59:29.404+07:00  INFO 30896 --- [session15bai2] [  restartedMain] com.zaxxer.hikari.HikariDataSource       : HikariPool-1 - Starting...
2026-06-01T14:59:29.549+07:00  INFO 30896 --- [session15bai2] [  restartedMain] com.zaxxer.hikari.pool.HikariPool        : HikariPool-1 - Added connection conn0: url=jdbc:h2:mem:session15bai2 user=SA
2026-06-01T14:59:29.550+07:00  INFO 30896 --- [session15bai2] [  restartedMain] com.zaxxer.hikari.HikariDataSource       : HikariPool-1 - Start completed.
2026-06-01T14:59:29.598+07:00  INFO 30896 --- [session15bai2] [  restartedMain] org.hibernate.orm.connections.pooling    : HHH10001005: Database info:
	Database JDBC URL [jdbc:h2:mem:session15bai2]
	Database driver: H2 JDBC Driver
	Database dialect: H2Dialect
	Database version: 2.4.240
	Default catalog/schema: SESSION15BAI2/PUBLIC
	Autocommit mode: undefined/unknown
	Isolation level: READ_COMMITTED [default READ_COMMITTED]
	JDBC fetch size: 100
	Pool: DataSourceConnectionProvider
	Minimum pool size: undefined/unknown
	Maximum pool size: undefined/unknown
2026-06-01T14:59:29.934+07:00  INFO 30896 --- [session15bai2] [  restartedMain] org.hibernate.orm.core                   : HHH000489: No JTA platform available (set 'hibernate.transaction.jta.platform' to enable JTA platform integration)
2026-06-01T14:59:29.942+07:00  INFO 30896 --- [session15bai2] [  restartedMain] j.LocalContainerEntityManagerFactoryBean : Initialized JPA EntityManagerFactory for persistence unit 'default'
2026-06-01T14:59:29.970+07:00  WARN 30896 --- [session15bai2] [  restartedMain] JpaBaseConfiguration$JpaWebConfiguration : spring.jpa.open-in-view is enabled by default. Therefore, database queries may be performed during view rendering. Explicitly configure spring.jpa.open-in-view to disable this warning
2026-06-01T14:59:30.027+07:00  WARN 30896 --- [session15bai2] [  restartedMain] .s.a.UserDetailsServiceAutoConfiguration : 

Using generated security password: 63d85462-de6f-4787-ae35-be073edc4799

This generated password is for development use only. Your security configuration must be updated before running your application in production.

2026-06-01T14:59:30.035+07:00  INFO 30896 --- [session15bai2] [  restartedMain] r$InitializeUserDetailsManagerConfigurer : Global AuthenticationManager configured with UserDetailsService bean with name inMemoryUserDetailsManager
2026-06-01T14:59:30.383+07:00  INFO 30896 --- [session15bai2] [  restartedMain] o.s.boot.tomcat.TomcatWebServer          : Tomcat started on port 51609 (http) with context path '/'
2026-06-01T14:59:30.388+07:00  INFO 30896 --- [session15bai2] [  restartedMain] c.e.s.Session15bai2Application           : Started Session15bai2Application in 2.95 seconds (process running for 3.33)

> Task :bootRun FAILED
4 actionable tasks: 2 executed, 2 up-to-date
